[DEBUG] [2024-12-30 16:01:17,372 +0530] - Proxy host not provided
[WARN] [2024-12-30 16:01:17,379 +0530] - Using default service URL to initialize API Client
[DEBUG] [2024-12-30 16:01:17,379 +0530] - Base url:'https://saas.whitesourcesoftware.com' 
[INFO] [2024-12-30 16:01:17,426 +0530[ - UnifiedAgent version (pluginVersion) : 24.11.2
[INFO] [2024-12-30 16:01:17,442 +0530[ - 
##### general #####
resolveAllDependencies=false
projectTag=
projectName=javulna-master
productName=javulna-master_Susant
includes=**/*.java,**/*.jar,**/*.sql
configFilePath=wss-generated-file.config
apiKey=******
#wss.url=https://saas.whitesourcesoftware.com/agent
#whiteSourceFolderPath=.
#userKey=
#updateType=OVERRIDE
#updateInventory=true
#updateEmptyProject=true
#splitUpdateRequest=false
#showProgressBar=true
#scanReportTimeoutMinutes=10
#scanReportFilenameFormat=project_with_timestamp
#scanPackageManager=false
#scanComment=
#requireKnownSha1=true
#requesterEmail=
#projectVersion=
#projectToken=
#projectPerFolderIncludes=*
#projectPerFolderExcludes=
#projectPerFolder=false
#productVersion=
#productToken=
#offline.zip=false
#offline.prettyJson=true
#offline=false
#log.level=info
#ignoreEuaNotices=informational
#iaLanguage=
#generateScanReport=false
#generateProjectDetailsJson=false
#forceUpdate.failBuildOnPolicyViolation=false
#forceUpdate=false
#forceCheckAllDependencies=false
#fileSystemScan=true
#failErrorLevel=DEFAULT
#excludes=**/.*,**/node_modules,**/src/test,**/testdata,**/*sources.jar,**/*javadoc.jar
#excludeDependenciesFromNodes=
#euaVul=euaVul.json
#euaRes=euaRes.json
#euaOffline=
#euaDep=euaDep.json
#enableImpactAnalysis=false
#commandTimeout=900
#checkPolicies=false
#appPath=
#analyzeMultiModule=
#analyzeFrameworksReference=analyzeFrameworks.txt
#analyzeFrameworks=false

##### ANT #####
#ant.resolveDependencies=false
#ant.pathIdIncludes=
#ant.external.parameters=

##### archive #####
archiveExtractionDepth=7
#archiveIncludes=
#archiveExcludes=

##### artifactory #####
#artifactory.userPassword=
#artifactory.userName=
#artifactory.url=
#artifactory.repoKeys=
#artifactory.includes=.*.*
#artifactory.excludes=
#artifactory.enableScan=false
#artifactory.accessToken=

##### bazel #####
#bazel.runPreStep=false
#bazel.resolveDependencies=false

##### bower #####
#bower.runPreStep=false
#bower.resolveDependencies=false
#bower.ignoreSourceFiles=false

##### cabal #####
#haskell.runPreStep=false
#haskell.resolveDependencies=false
#haskell.ignoreSourceFiles=true
#haskell.ignorePreStepErrors=false

##### cargo #####
#cargo.runPreStep=false
#cargo.resolveDependencies=false
#cargo.ignoreSourceFiles=true

##### cocoapods #####
#cocoapods.runPreStep=false
#cocoapods.resolveDependencies=false
#cocoapods.ignoreSourceFiles=true

##### conda #####
#conda.resolveDependencies=false

##### docker #####
#docker.scanTarFiles=false
#docker.scanImages=false
#docker.scanContainers=false
#docker.pull.tags=
#docker.pull.maxImages=10
#docker.pull.images=
#docker.pull.force=false
#docker.pull.enable=false
#docker.pull.digest=
#docker.projectNameFormat=default
#docker.login.sudo=true
#docker.layers=false
#docker.includes=.*.*
#docker.includeSingleScan=
#docker.excludes=
#docker.delete.force=false
#docker.containerIncludes=.*.*
#docker.containerExcludes=

##### docker artifactory #####
#docker.artifactory.userPassword=
#docker.artifactory.userName=
#docker.artifactory.url=
#docker.artifactory.repositoriesNames=
#docker.artifactory.pullUrl=
#docker.artifactory.enable=false
#docker.artifactory.dockerAccessMethod= 

##### docker aws #####
#docker.aws.registryIds=
#docker.aws.enable=false

##### docker azure #####
#docker.azure.userPassword=
#docker.azure.userName=
#docker.azure.registryNames=
#docker.azure.registryAuthenticationParameters=
#docker.azure.enable=false
#docker.azure.authenticationType=UserAccount

##### docker google containers #####
#docker.gcr.repositories=
#docker.gcr.enable=false
#docker.gcr.account=

##### docker hub #####
#docker.hub.userPassword=
#docker.hub.userName=
#docker.hub.organizationsNames=
#docker.hub.enabled=false
#docker.hub.accessToken=

##### environment #####
followSymbolicLinks=false
#case.sensitive.glob=false

##### go #####
#go.resolveDependencies=false
#go.modules.resolveDependencies=false
#go.modules.removeDuplicateDependencies=true
#go.modules.includeTestDependencies=false
#go.modules.ignoreSourceFiles=true
#go.ignoreSourceFiles=false
#go.gogradle.enableTaskAlias=false
#go.glide.ignoreTestPackages=true
#go.dependencyManager=
#go.collectDependenciesAtRuntime=false

##### gradle #####
#gradle.resolveDependencies=false
#gradle.preferredEnvironment=wrapper
#gradle.innerModulesAsDependencies=true
#gradle.includedConfigurations=
#gradle.includeModules=
#gradle.ignoredConfigurations=
#gradle.ignoreSourceFiles=false
#gradle.excludeModules=
#gradle.aggregateModules=false
#gradle.additionalArguments=

##### hex #####
#hex.runPreStep=false
#hex.resolveDependencies=false
#hex.ignoreSourceFiles=true
#hex.aggregateModules=false

##### html #####
html.resolveDependencies=true

##### maven #####
maven.resolveDependencies=true
#maven.runPreStep=false
#maven.projectNameFromDependencyFile=false
#maven.maxCacheFolderSize=
#maven.m2RepositoryPath=
#maven.ignoredScopes=provided,test
#maven.ignoreSourceFiles=false
#maven.ignorePomModules=true
#maven.ignoreMvnTreeErrors=false
#maven.environmentPath=
#maven.downloadMissingDependencies=true
#maven.allowPartialTree=false
#maven.aggregateModules=false
#maven.additionalArguments=

##### npm #####
#npm.yarnProject=false
#npm.yarn.frozenLockfile=false
#npm.runPreStep=false
#npm.resolveMainPackageJsonOnly=false
#npm.resolveLockFile=true
#npm.resolveGlobalPackages=false
#npm.resolveDependencies=false
#npm.resolveAdditionalDependencies=false
#npm.removeDuplicateDependencies=true
#npm.projectNameFromDependencyFile=false
#npm.includeDevDependencies=false
#npm.ignoreSourceFiles=true
#npm.ignoreScripts=false
#npm.ignoreNpmLsErrors=false
#npm.ignoreDirectoryPatterns=example,examples,.ws_bower,test
#npm.identifyByNameAndVersion=false
#npm.failOnNpmLsErrors=
#npm.accessToken=

##### nuget #####
#nuget.runPreStep=false
#nuget.resolvePackagesConfigFiles=true
#nuget.resolveNuspecFiles=true
#nuget.resolveDependencies=false
#nuget.resolveCsProjFiles=true
#nuget.resolveAssetsFiles=true
#nuget.preferredEnvironment=
#nuget.packagesDirectory=
#nuget.ignoreSourceFiles=true

##### ocaml #####
#ocaml.switchName=
#ocaml.runPreStep=false
#ocaml.resolveDependencies=false
#ocaml.ignoredScopes=with-test,with-doc
#ocaml.ignoreSourceFiles=false
#ocaml.aggregateModules=false

##### paket #####
#paket.runPreStep=false
#paket.resolveDependencies=false
#paket.ignoredGroups=
#paket.ignoreSourceFiles=true
#paket.exePath=

##### php #####
#php.runPreStep=false
#php.resolveDependencies=false
#php.removeDuplicateDependencies=true
#php.includeDevDependencies=false
#php.ignoreSourceFiles=true

##### python #####
#python.runPoetryPreStep=false
#python.runPipenvPreStep=false
#python.resolveSetupFiles=false
#python.resolvePoetryEditablePackages=false
#python.resolvePipEditablePackages=false
#python.resolveHierarchyTree=true
#python.resolveGlobalPackages=false
#python.resolveDependencies=false
#python.requirementsFileIncludes=
#python.pipenvDevDependencies=false
#python.pipPath=pip
#python.path=python
#python.localPackagePathsToInstall=
#python.installVirtualenv=false
#python.indexUrl=
#python.includePoetryDevDependencies=false
#python.ignoreSourceFiles=true
#python.ignorePipInstallErrors=false
#python.IgnorePipenvInstallErrors=false

##### r_language #####
#r.runPreStep=false
#r.resolveDependencies=false
#r.packageManager=packrat
#r.ignoreSourceFiles=true
#r.cranMirrorUrl=

##### ruby #####
#ruby.runBundleInstall=false
#ruby.resolveDependencies=false
#ruby.overwriteGemFile=false
#ruby.installMissingGems=false
#ruby.ignoreSourceFiles=true

##### sbt #####
#sbt.runPreStep=false
#sbt.resolveDependencies=false
#sbt.newSbtResolution=false
#sbt.includedScopes=compile,runtime
#sbt.ignoreSourceFiles=false
#sbt.aggregateModules=false

##### scm #####
#scm.user=
#scm.url=
#scm.tag=
#scm.repositoriesFile=
#scm.ppk=
#scm.pass=
#scm.branch=

##### serverless #####
#serverless.scanFunctions=false
#serverless.region=
#serverless.provider=aws-lambda
#serverless.maxFunctions=10
#serverless.includes=
#serverless.excludes=

##### swift #####
#swift.resolveDependencies=false
#swift.ignoreSourceFiles=false

[WARN] [2024-12-30 16:01:17,457 +0530[ - 
------------------------------------------------------------------------
-------------- START - File System Permissions Validations -------------
------------------------------------------------------------------------
[WARN] [2024-12-30 16:01:17,457 +0530[ - Offline requests - File or Directory does not exists: E:\Projects\Mend_Project\javulna-master\javulna-master\update-request.txt
[WARN] [2024-12-30 16:01:17,457 +0530[ - 
------------------------------------------------------------------------
-------------- END - File System Permissions Validations ---------------
------------------------------------------------------------------------
[DEBUG] [2024-12-30 16:01:17,489 +0530[ - OfflineReader - extractValidRequestFiles- START - list size 1
[DEBUG] [2024-12-30 16:01:17,489 +0530[ - OfflineReader - extractValidRequestFiles- END - list size 1
[WARN] [2024-12-30 16:01:17,489 +0530[ - OfflineReader - getAgentProjectsFromRequests - 'update-request.txt' is not a valid file.
[DEBUG] [2024-12-30 16:01:17,505 +0530[ - Command - executeProcess - timeout set to 900s
[DEBUG] [2024-12-30 16:01:17,505 +0530[ - Command - executeProcess - start execute command 'cmd /c reg query HKU\S-1-5-19' in '.'
[WARN] [2024-12-30 16:01:17,599 +0530[ - Command - executeProcess - error in execute command 'cmd /c reg query HKU\S-1-5-19', Exit Status 1
[INFO] [2024-12-30 16:01:17,599 +0530[ - Exiting, nothing to update
[DEBUG] [2024-12-30 16:01:17,599 +0530[ - Process finished with exit code SUCCESS (Exiting, nothing to update)
[INFO] [2024-12-30 16:01:17,599 +0530[ - Log files are found at: .\whitesource\Mon-Dec-30-2024-16.01.17
[INFO] [2024-12-30 16:01:17,599 +0530[ - Service URL is https://saas.whitesourcesoftware.com/agent
[DEBUG] [2024-12-30 16:01:17,724 +0530[ - finalizing metrics collection
[DEBUG] [2024-12-30 16:01:18,842 +0530[ - Failed to send metrics: Invalid User Key: Empty User Key
[INFO] [2024-12-30 16:01:18,842 +0530[ - 
------------------------------------------------------------------------------------------------------------------------------------------------------
------------------------------------------------------------- WhiteSource Scan Summary: --------------------------------------------------------------
------------------------------------------------------------------------------------------------------------------------------------------------------
======================================================================================================================================================
Scan Origin: Offline
======================================================================================================================================================
Step                                              Completion Status               Elapsed                  Comments
======================================================================================================================================================
Fetch Configuration                                  COMPLETED                  00:00:00.188               --------

======================================================================================================================================================
Elapsed running time:                                                           00:00:00.188
======================================================================================================================================================
Process finished with exit code SUCCESS (0)

