[DEBUG] [2025-01-10 16:38:32,668 +0530] - Proxy host not provided
[DEBUG] [2025-01-10 16:38:32,684 +0530] - Base url:'https://saas-eu.mend.io' 
[INFO] [2025-01-10 16:38:32,715 +0530[ - UnifiedAgent version (pluginVersion) : 24.11.2
[INFO] [2025-01-10 16:38:32,731 +0530[ - 
##### general #####
wss.url=https://saas-eu.mend.io/agent
userKey=******
resolveAllDependencies=false
projectTag=
projectName=javulna-master
productName=javulna-master-Susant
offline=true
includes=**/*.java,**/*.jar,**/*.sql
configFilePath=E:/Projects/Mend_Project/javulna-master/javulna-master/wss-generated-file.config
apiKey=******
#whiteSourceFolderPath=.
#updateType=OVERRIDE
#updateInventory=true
#updateEmptyProject=true
#splitUpdateRequest=false
#showProgressBar=true
#scanReportTimeoutMinutes=10
#scanReportFilenameFormat=project_with_timestamp
#scanPackageManager=false
#scanComment=
#requireKnownSha1=true
#requesterEmail=
#projectVersion=
#projectToken=
#projectPerFolderIncludes=*
#projectPerFolderExcludes=
#projectPerFolder=false
#productVersion=
#productToken=
#offline.zip=false
#offline.prettyJson=true
#log.level=info
#ignoreEuaNotices=informational
#iaLanguage=
#generateScanReport=false
#generateProjectDetailsJson=false
#forceUpdate.failBuildOnPolicyViolation=false
#forceUpdate=false
#forceCheckAllDependencies=false
#fileSystemScan=true
#failErrorLevel=DEFAULT
#excludes=**/.*,**/node_modules,**/src/test,**/testdata,**/*sources.jar,**/*javadoc.jar
#excludeDependenciesFromNodes=
#euaVul=euaVul.json
#euaRes=euaRes.json
#euaOffline=
#euaDep=euaDep.json
#enableImpactAnalysis=false
#commandTimeout=900
#checkPolicies=false
#appPath=
#analyzeMultiModule=
#analyzeFrameworksReference=analyzeFrameworks.txt
#analyzeFrameworks=false

##### ANT #####
#ant.resolveDependencies=false
#ant.pathIdIncludes=
#ant.external.parameters=

##### archive #####
archiveExtractionDepth=7
#archiveIncludes=
#archiveExcludes=

##### artifactory #####
#artifactory.userPassword=
#artifactory.userName=
#artifactory.url=
#artifactory.repoKeys=
#artifactory.includes=.*.*
#artifactory.excludes=
#artifactory.enableScan=false
#artifactory.accessToken=

##### bazel #####
#bazel.runPreStep=false
#bazel.resolveDependencies=false

##### bower #####
#bower.runPreStep=false
#bower.resolveDependencies=false
#bower.ignoreSourceFiles=false

##### cabal #####
#haskell.runPreStep=false
#haskell.resolveDependencies=false
#haskell.ignoreSourceFiles=true
#haskell.ignorePreStepErrors=false

##### cargo #####
#cargo.runPreStep=false
#cargo.resolveDependencies=false
#cargo.ignoreSourceFiles=true

##### cocoapods #####
#cocoapods.runPreStep=false
#cocoapods.resolveDependencies=false
#cocoapods.ignoreSourceFiles=true

##### conda #####
#conda.resolveDependencies=false

##### docker #####
#docker.scanTarFiles=false
#docker.scanImages=false
#docker.scanContainers=false
#docker.pull.tags=
#docker.pull.maxImages=10
#docker.pull.images=
#docker.pull.force=false
#docker.pull.enable=false
#docker.pull.digest=
#docker.projectNameFormat=default
#docker.login.sudo=true
#docker.layers=false
#docker.includes=.*.*
#docker.includeSingleScan=
#docker.excludes=
#docker.delete.force=false
#docker.containerIncludes=.*.*
#docker.containerExcludes=

##### docker artifactory #####
#docker.artifactory.userPassword=
#docker.artifactory.userName=
#docker.artifactory.url=
#docker.artifactory.repositoriesNames=
#docker.artifactory.pullUrl=
#docker.artifactory.enable=false
#docker.artifactory.dockerAccessMethod= 

##### docker aws #####
#docker.aws.registryIds=
#docker.aws.enable=false

##### docker azure #####
#docker.azure.userPassword=
#docker.azure.userName=
#docker.azure.registryNames=
#docker.azure.registryAuthenticationParameters=
#docker.azure.enable=false
#docker.azure.authenticationType=UserAccount

##### docker google containers #####
#docker.gcr.repositories=
#docker.gcr.enable=false
#docker.gcr.account=

##### docker hub #####
#docker.hub.userPassword=
#docker.hub.userName=
#docker.hub.organizationsNames=
#docker.hub.enabled=false
#docker.hub.accessToken=

##### environment #####
followSymbolicLinks=false
#case.sensitive.glob=false

##### go #####
#go.resolveDependencies=false
#go.modules.resolveDependencies=false
#go.modules.removeDuplicateDependencies=true
#go.modules.includeTestDependencies=false
#go.modules.ignoreSourceFiles=true
#go.ignoreSourceFiles=false
#go.gogradle.enableTaskAlias=false
#go.glide.ignoreTestPackages=true
#go.dependencyManager=
#go.collectDependenciesAtRuntime=false

##### gradle #####
#gradle.resolveDependencies=false
#gradle.preferredEnvironment=wrapper
#gradle.innerModulesAsDependencies=true
#gradle.includedConfigurations=
#gradle.includeModules=
#gradle.ignoredConfigurations=
#gradle.ignoreSourceFiles=false
#gradle.excludeModules=
#gradle.aggregateModules=false
#gradle.additionalArguments=

##### hex #####
#hex.runPreStep=false
#hex.resolveDependencies=false
#hex.ignoreSourceFiles=true
#hex.aggregateModules=false

##### html #####
html.resolveDependencies=true

##### maven #####
maven.resolveDependencies=true
#maven.runPreStep=false
#maven.projectNameFromDependencyFile=false
#maven.maxCacheFolderSize=
#maven.m2RepositoryPath=
#maven.ignoredScopes=provided,test
#maven.ignoreSourceFiles=false
#maven.ignorePomModules=true
#maven.ignoreMvnTreeErrors=false
#maven.environmentPath=
#maven.downloadMissingDependencies=true
#maven.allowPartialTree=false
#maven.aggregateModules=false
#maven.additionalArguments=

##### npm #####
#npm.yarnProject=false
#npm.yarn.frozenLockfile=false
#npm.runPreStep=false
#npm.resolveMainPackageJsonOnly=false
#npm.resolveLockFile=true
#npm.resolveGlobalPackages=false
#npm.resolveDependencies=false
#npm.resolveAdditionalDependencies=false
#npm.removeDuplicateDependencies=true
#npm.projectNameFromDependencyFile=false
#npm.includeDevDependencies=false
#npm.ignoreSourceFiles=true
#npm.ignoreScripts=false
#npm.ignoreNpmLsErrors=false
#npm.ignoreDirectoryPatterns=example,examples,.ws_bower,test
#npm.identifyByNameAndVersion=false
#npm.failOnNpmLsErrors=
#npm.accessToken=

##### nuget #####
#nuget.runPreStep=false
#nuget.resolvePackagesConfigFiles=true
#nuget.resolveNuspecFiles=true
#nuget.resolveDependencies=false
#nuget.resolveCsProjFiles=true
#nuget.resolveAssetsFiles=true
#nuget.preferredEnvironment=
#nuget.packagesDirectory=
#nuget.ignoreSourceFiles=true

##### ocaml #####
#ocaml.switchName=
#ocaml.runPreStep=false
#ocaml.resolveDependencies=false
#ocaml.ignoredScopes=with-test,with-doc
#ocaml.ignoreSourceFiles=false
#ocaml.aggregateModules=false

##### paket #####
#paket.runPreStep=false
#paket.resolveDependencies=false
#paket.ignoredGroups=
#paket.ignoreSourceFiles=true
#paket.exePath=

##### php #####
#php.runPreStep=false
#php.resolveDependencies=false
#php.removeDuplicateDependencies=true
#php.includeDevDependencies=false
#php.ignoreSourceFiles=true

##### python #####
#python.runPoetryPreStep=false
#python.runPipenvPreStep=false
#python.resolveSetupFiles=false
#python.resolvePoetryEditablePackages=false
#python.resolvePipEditablePackages=false
#python.resolveHierarchyTree=true
#python.resolveGlobalPackages=false
#python.resolveDependencies=false
#python.requirementsFileIncludes=
#python.pipenvDevDependencies=false
#python.pipPath=pip
#python.path=python
#python.localPackagePathsToInstall=
#python.installVirtualenv=false
#python.indexUrl=
#python.includePoetryDevDependencies=false
#python.ignoreSourceFiles=true
#python.ignorePipInstallErrors=false
#python.IgnorePipenvInstallErrors=false

##### r_language #####
#r.runPreStep=false
#r.resolveDependencies=false
#r.packageManager=packrat
#r.ignoreSourceFiles=true
#r.cranMirrorUrl=

##### ruby #####
#ruby.runBundleInstall=false
#ruby.resolveDependencies=false
#ruby.overwriteGemFile=false
#ruby.installMissingGems=false
#ruby.ignoreSourceFiles=true

##### sbt #####
#sbt.runPreStep=false
#sbt.resolveDependencies=false
#sbt.newSbtResolution=false
#sbt.includedScopes=compile,runtime
#sbt.ignoreSourceFiles=false
#sbt.aggregateModules=false

##### scm #####
#scm.user=
#scm.url=
#scm.tag=
#scm.repositoriesFile=
#scm.ppk=
#scm.pass=
#scm.branch=

##### serverless #####
#serverless.scanFunctions=false
#serverless.region=
#serverless.provider=aws-lambda
#serverless.maxFunctions=10
#serverless.includes=
#serverless.excludes=

##### swift #####
#swift.resolveDependencies=false
#swift.ignoreSourceFiles=false

[DEBUG] [2025-01-10 16:38:33,562 +0530[ - Available processors (cores): 	8
Free memory (Mb): 	313
Max memory (Mb): 	2016
Total memory (Mb): 	756
Used memory (Mb): 	442

[INFO] [2025-01-10 16:38:33,562 +0530[ - 
------------------------------------------------------------------------
-------------------- Start: Extract Archives ---------------------------
------------------------------------------------------------------------
[INFO] [2025-01-10 16:38:33,562 +0530[ - Starting Archive Extraction (may take a few minutes)
[DEBUG] [2025-01-10 16:38:33,578 +0530[ - Base directory is E:\Projects\Mend_Project\javulna-master\javulna-master, extraction depth is set to 7
[DEBUG] [2025-01-10 16:38:33,641 +0530[ - Dependency file found location: E:\Projects\Mend_Project\javulna-master\javulna-master\target\javulna-1.0-SNAPSHOT-jar-with-dependencies.jar
[DEBUG] [2025-01-10 16:38:33,641 +0530[ - Dependency file found location: E:\Projects\Mend_Project\javulna-master\javulna-master\target\javulna-1.0-SNAPSHOT.jar
[DEBUG] [2025-01-10 16:40:09,320 +0530[ - Dependency file found location: C:\Users\vishw\AppData\Local\Temp\ws-ua_20250110163832_IWGIUR\archiveExtraction_TSOWSZ\QNJCJR\20250110163833\javulna-master_depth_0\target\javulna-1.0-SNAPSHOT\BOOT-INF\lib\antisamy-1.5.3.jar
[DEBUG] [2025-01-10 16:40:09,322 +0530[ - Dependency file found location: C:\Users\vishw\AppData\Local\Temp\ws-ua_20250110163832_IWGIUR\archiveExtraction_TSOWSZ\QNJCJR\20250110163833\javulna-master_depth_0\target\javulna-1.0-SNAPSHOT\BOOT-INF\lib\antlr-2.7.7.jar
[DEBUG] [2025-01-10 16:40:09,323 +0530[ - Dependency file found location: C:\Users\vishw\AppData\Local\Temp\ws-ua_20250110163832_IWGIUR\archiveExtraction_TSOWSZ\QNJCJR\20250110163833\javulna-master_depth_0\target\javulna-1.0-SNAPSHOT\BOOT-INF\lib\aspectjweaver-1.9.7.jar
[DEBUG] [2025-01-10 16:40:09,324 +0530[ - Dependency file found location: C:\Users\vishw\AppData\Local\Temp\ws-ua_20250110163832_IWGIUR\archiveExtraction_TSOWSZ\QNJCJR\20250110163833\javulna-master_depth_0\target\javulna-1.0-SNAPSHOT\BOOT-INF\lib\batik-css-1.8.jar
[DEBUG] [2025-01-10 16:40:09,325 +0530[ - Dependency file found location: C:\Users\vishw\AppData\Local\Temp\ws-ua_20250110163832_IWGIUR\archiveExtraction_TSOWSZ\QNJCJR\20250110163833\javulna-master_depth_0\target\javulna-1.0-SNAPSHOT\BOOT-INF\lib\batik-ext-1.8.jar
[DEBUG] [2025-01-10 16:40:09,327 +0530[ - Dependency file found location: C:\Users\vishw\AppData\Local\Temp\ws-ua_20250110163832_IWGIUR\archiveExtraction_TSOWSZ\QNJCJR\20250110163833\javulna-master_depth_0\target\javulna-1.0-SNAPSHOT\BOOT-INF\lib\batik-util-1.8.jar
[DEBUG] [2025-01-10 16:40:09,328 +0530[ - Dependency file found location: C:\Users\vishw\AppData\Local\Temp\ws-ua_20250110163832_IWGIUR\archiveExtraction_TSOWSZ\QNJCJR\20250110163833\javulna-master_depth_0\target\javulna-1.0-SNAPSHOT\BOOT-INF\lib\bsh-core-2.0b4.jar
[DEBUG] [2025-01-10 16:40:09,329 +0530[ - Dependency file found location: C:\Users\vishw\AppData\Local\Temp\ws-ua_20250110163832_IWGIUR\archiveExtraction_TSOWSZ\QNJCJR\20250110163833\javulna-master_depth_0\target\javulna-1.0-SNAPSHOT\BOOT-INF\lib\byte-buddy-1.11.22.jar
[DEBUG] [2025-01-10 16:40:09,330 +0530[ - Dependency file found location: C:\Users\vishw\AppData\Local\Temp\ws-ua_20250110163832_IWGIUR\archiveExtraction_TSOWSZ\QNJCJR\20250110163833\javulna-master_depth_0\target\javulna-1.0-SNAPSHOT\BOOT-INF\lib\classmate-1.5.1.jar
[DEBUG] [2025-01-10 16:40:09,331 +0530[ - Dependency file found location: C:\Users\vishw\AppData\Local\Temp\ws-ua_20250110163832_IWGIUR\archiveExtraction_TSOWSZ\QNJCJR\20250110163833\javulna-master_depth_0\target\javulna-1.0-SNAPSHOT\BOOT-INF\lib\commons-beanutils-1.9.1.jar
[DEBUG] [2025-01-10 16:40:09,332 +0530[ - Dependency file found location: C:\Users\vishw\AppData\Local\Temp\ws-ua_20250110163832_IWGIUR\archiveExtraction_TSOWSZ\QNJCJR\20250110163833\javulna-master_depth_0\target\javulna-1.0-SNAPSHOT\BOOT-INF\lib\commons-beanutils-core-1.8.3.jar
[DEBUG] [2025-01-10 16:40:09,333 +0530[ - Dependency file found location: C:\Users\vishw\AppData\Local\Temp\ws-ua_20250110163832_IWGIUR\archiveExtraction_TSOWSZ\QNJCJR\20250110163833\javulna-master_depth_0\target\javulna-1.0-SNAPSHOT\BOOT-INF\lib\commons-codec-1.15.jar
[DEBUG] [2025-01-10 16:40:09,334 +0530[ - Dependency file found location: C:\Users\vishw\AppData\Local\Temp\ws-ua_20250110163832_IWGIUR\archiveExtraction_TSOWSZ\QNJCJR\20250110163833\javulna-master_depth_0\target\javulna-1.0-SNAPSHOT\BOOT-INF\lib\commons-collections-3.2.2.jar
[DEBUG] [2025-01-10 16:40:09,336 +0530[ - Dependency file found location: C:\Users\vishw\AppData\Local\Temp\ws-ua_20250110163832_IWGIUR\archiveExtraction_TSOWSZ\QNJCJR\20250110163833\javulna-master_depth_0\target\javulna-1.0-SNAPSHOT\BOOT-INF\lib\commons-collections4-4.0.jar
[DEBUG] [2025-01-10 16:40:09,338 +0530[ - Dependency file found location: C:\Users\vishw\AppData\Local\Temp\ws-ua_20250110163832_IWGIUR\archiveExtraction_TSOWSZ\QNJCJR\20250110163833\javulna-master_depth_0\target\javulna-1.0-SNAPSHOT\BOOT-INF\lib\commons-configuration-1.10.jar
[DEBUG] [2025-01-10 16:40:09,340 +0530[ - Dependency file found location: C:\Users\vishw\AppData\Local\Temp\ws-ua_20250110163832_IWGIUR\archiveExtraction_TSOWSZ\QNJCJR\20250110163833\javulna-master_depth_0\target\javulna-1.0-SNAPSHOT\BOOT-INF\lib\commons-fileupload-1.3.1.jar
[DEBUG] [2025-01-10 16:40:09,342 +0530[ - Dependency file found location: C:\Users\vishw\AppData\Local\Temp\ws-ua_20250110163832_IWGIUR\archiveExtraction_TSOWSZ\QNJCJR\20250110163833\javulna-master_depth_0\target\javulna-1.0-SNAPSHOT\BOOT-INF\lib\commons-httpclient-3.1.jar
[DEBUG] [2025-01-10 16:40:09,344 +0530[ - Dependency file found location: C:\Users\vishw\AppData\Local\Temp\ws-ua_20250110163832_IWGIUR\archiveExtraction_TSOWSZ\QNJCJR\20250110163833\javulna-master_depth_0\target\javulna-1.0-SNAPSHOT\BOOT-INF\lib\commons-io-2.6.jar
[DEBUG] [2025-01-10 16:40:09,345 +0530[ - Dependency file found location: C:\Users\vishw\AppData\Local\Temp\ws-ua_20250110163832_IWGIUR\archiveExtraction_TSOWSZ\QNJCJR\20250110163833\javulna-master_depth_0\target\javulna-1.0-SNAPSHOT\BOOT-INF\lib\commons-lang-2.6.jar
[DEBUG] [2025-01-10 16:40:09,348 +0530[ - Dependency file found location: C:\Users\vishw\AppData\Local\Temp\ws-ua_20250110163832_IWGIUR\archiveExtraction_TSOWSZ\QNJCJR\20250110163833\javulna-master_depth_0\target\javulna-1.0-SNAPSHOT\BOOT-INF\lib\commons-lang3-3.12.0.jar
[DEBUG] [2025-01-10 16:40:09,352 +0530[ - Dependency file found location: C:\Users\vishw\AppData\Local\Temp\ws-ua_20250110163832_IWGIUR\archiveExtraction_TSOWSZ\QNJCJR\20250110163833\javulna-master_depth_0\target\javulna-1.0-SNAPSHOT\BOOT-INF\lib\commons-logging-1.1.1.jar
[DEBUG] [2025-01-10 16:40:09,354 +0530[ - Dependency file found location: C:\Users\vishw\AppData\Local\Temp\ws-ua_20250110163832_IWGIUR\archiveExtraction_TSOWSZ\QNJCJR\20250110163833\javulna-master_depth_0\target\javulna-1.0-SNAPSHOT\BOOT-INF\lib\dozer-5.5.1.jar
[DEBUG] [2025-01-10 16:40:09,356 +0530[ - Dependency file found location: C:\Users\vishw\AppData\Local\Temp\ws-ua_20250110163832_IWGIUR\archiveExtraction_TSOWSZ\QNJCJR\20250110163833\javulna-master_depth_0\target\javulna-1.0-SNAPSHOT\BOOT-INF\lib\encoder-1.2.1.jar
[DEBUG] [2025-01-10 16:40:09,359 +0530[ - Dependency file found location: C:\Users\vishw\AppData\Local\Temp\ws-ua_20250110163832_IWGIUR\archiveExtraction_TSOWSZ\QNJCJR\20250110163833\javulna-master_depth_0\target\javulna-1.0-SNAPSHOT\BOOT-INF\lib\esapi-2.1.0.1.jar
[DEBUG] [2025-01-10 16:40:09,361 +0530[ - Dependency file found location: C:\Users\vishw\AppData\Local\Temp\ws-ua_20250110163832_IWGIUR\archiveExtraction_TSOWSZ\QNJCJR\20250110163833\javulna-master_depth_0\target\javulna-1.0-SNAPSHOT\BOOT-INF\lib\hibernate-commons-annotations-5.1.2.Final.jar
[DEBUG] [2025-01-10 16:40:09,362 +0530[ - Dependency file found location: C:\Users\vishw\AppData\Local\Temp\ws-ua_20250110163832_IWGIUR\archiveExtraction_TSOWSZ\QNJCJR\20250110163833\javulna-master_depth_0\target\javulna-1.0-SNAPSHOT\BOOT-INF\lib\hibernate-core-5.6.8.Final.jar
[DEBUG] [2025-01-10 16:40:09,366 +0530[ - Dependency file found location: C:\Users\vishw\AppData\Local\Temp\ws-ua_20250110163832_IWGIUR\archiveExtraction_TSOWSZ\QNJCJR\20250110163833\javulna-master_depth_0\target\javulna-1.0-SNAPSHOT\BOOT-INF\lib\hibernate-validator-6.2.3.Final.jar
[DEBUG] [2025-01-10 16:40:09,368 +0530[ - Dependency file found location: C:\Users\vishw\AppData\Local\Temp\ws-ua_20250110163832_IWGIUR\archiveExtraction_TSOWSZ\QNJCJR\20250110163833\javulna-master_depth_0\target\javulna-1.0-SNAPSHOT\BOOT-INF\lib\HikariCP-4.0.3.jar
[DEBUG] [2025-01-10 16:40:09,369 +0530[ - Dependency file found location: C:\Users\vishw\AppData\Local\Temp\ws-ua_20250110163832_IWGIUR\archiveExtraction_TSOWSZ\QNJCJR\20250110163833\javulna-master_depth_0\target\javulna-1.0-SNAPSHOT\BOOT-INF\lib\hsqldb-2.5.2.jar
[DEBUG] [2025-01-10 16:40:09,370 +0530[ - Dependency file found location: C:\Users\vishw\AppData\Local\Temp\ws-ua_20250110163832_IWGIUR\archiveExtraction_TSOWSZ\QNJCJR\20250110163833\javulna-master_depth_0\target\javulna-1.0-SNAPSHOT\BOOT-INF\lib\istack-commons-runtime-3.0.12.jar
[DEBUG] [2025-01-10 16:40:09,373 +0530[ - Dependency file found location: C:\Users\vishw\AppData\Local\Temp\ws-ua_20250110163832_IWGIUR\archiveExtraction_TSOWSZ\QNJCJR\20250110163833\javulna-master_depth_0\target\javulna-1.0-SNAPSHOT\BOOT-INF\lib\jackson-annotations-2.13.2.jar
[DEBUG] [2025-01-10 16:40:09,374 +0530[ - Dependency file found location: C:\Users\vishw\AppData\Local\Temp\ws-ua_20250110163832_IWGIUR\archiveExtraction_TSOWSZ\QNJCJR\20250110163833\javulna-master_depth_0\target\javulna-1.0-SNAPSHOT\BOOT-INF\lib\jackson-core-2.13.2.jar
[DEBUG] [2025-01-10 16:40:09,376 +0530[ - Dependency file found location: C:\Users\vishw\AppData\Local\Temp\ws-ua_20250110163832_IWGIUR\archiveExtraction_TSOWSZ\QNJCJR\20250110163833\javulna-master_depth_0\target\javulna-1.0-SNAPSHOT\BOOT-INF\lib\jackson-databind-2.13.2.1.jar
[DEBUG] [2025-01-10 16:40:09,378 +0530[ - Dependency file found location: C:\Users\vishw\AppData\Local\Temp\ws-ua_20250110163832_IWGIUR\archiveExtraction_TSOWSZ\QNJCJR\20250110163833\javulna-master_depth_0\target\javulna-1.0-SNAPSHOT\BOOT-INF\lib\jackson-dataformat-xml-2.13.2.jar
[DEBUG] [2025-01-10 16:40:09,380 +0530[ - Dependency file found location: C:\Users\vishw\AppData\Local\Temp\ws-ua_20250110163832_IWGIUR\archiveExtraction_TSOWSZ\QNJCJR\20250110163833\javulna-master_depth_0\target\javulna-1.0-SNAPSHOT\BOOT-INF\lib\jackson-datatype-jdk8-2.13.2.jar
[DEBUG] [2025-01-10 16:40:09,381 +0530[ - Dependency file found location: C:\Users\vishw\AppData\Local\Temp\ws-ua_20250110163832_IWGIUR\archiveExtraction_TSOWSZ\QNJCJR\20250110163833\javulna-master_depth_0\target\javulna-1.0-SNAPSHOT\BOOT-INF\lib\jackson-datatype-jsr310-2.13.2.jar
[DEBUG] [2025-01-10 16:40:09,382 +0530[ - Dependency file found location: C:\Users\vishw\AppData\Local\Temp\ws-ua_20250110163832_IWGIUR\archiveExtraction_TSOWSZ\QNJCJR\20250110163833\javulna-master_depth_0\target\javulna-1.0-SNAPSHOT\BOOT-INF\lib\jackson-module-parameter-names-2.13.2.jar
[DEBUG] [2025-01-10 16:40:09,383 +0530[ - Dependency file found location: C:\Users\vishw\AppData\Local\Temp\ws-ua_20250110163832_IWGIUR\archiveExtraction_TSOWSZ\QNJCJR\20250110163833\javulna-master_depth_0\target\javulna-1.0-SNAPSHOT\BOOT-INF\lib\jakarta.activation-1.2.2.jar
[DEBUG] [2025-01-10 16:40:09,384 +0530[ - Dependency file found location: C:\Users\vishw\AppData\Local\Temp\ws-ua_20250110163832_IWGIUR\archiveExtraction_TSOWSZ\QNJCJR\20250110163833\javulna-master_depth_0\target\javulna-1.0-SNAPSHOT\BOOT-INF\lib\jakarta.annotation-api-1.3.5.jar
[DEBUG] [2025-01-10 16:40:09,385 +0530[ - Dependency file found location: C:\Users\vishw\AppData\Local\Temp\ws-ua_20250110163832_IWGIUR\archiveExtraction_TSOWSZ\QNJCJR\20250110163833\javulna-master_depth_0\target\javulna-1.0-SNAPSHOT\BOOT-INF\lib\jakarta.persistence-api-2.2.3.jar
[DEBUG] [2025-01-10 16:40:09,387 +0530[ - Dependency file found location: C:\Users\vishw\AppData\Local\Temp\ws-ua_20250110163832_IWGIUR\archiveExtraction_TSOWSZ\QNJCJR\20250110163833\javulna-master_depth_0\target\javulna-1.0-SNAPSHOT\BOOT-INF\lib\jakarta.transaction-api-1.3.3.jar
[DEBUG] [2025-01-10 16:40:09,388 +0530[ - Dependency file found location: C:\Users\vishw\AppData\Local\Temp\ws-ua_20250110163832_IWGIUR\archiveExtraction_TSOWSZ\QNJCJR\20250110163833\javulna-master_depth_0\target\javulna-1.0-SNAPSHOT\BOOT-INF\lib\jakarta.validation-api-2.0.2.jar
[DEBUG] [2025-01-10 16:40:09,389 +0530[ - Dependency file found location: C:\Users\vishw\AppData\Local\Temp\ws-ua_20250110163832_IWGIUR\archiveExtraction_TSOWSZ\QNJCJR\20250110163833\javulna-master_depth_0\target\javulna-1.0-SNAPSHOT\BOOT-INF\lib\jakarta.xml.bind-api-2.3.3.jar
[DEBUG] [2025-01-10 16:40:09,390 +0530[ - Dependency file found location: C:\Users\vishw\AppData\Local\Temp\ws-ua_20250110163832_IWGIUR\archiveExtraction_TSOWSZ\QNJCJR\20250110163833\javulna-master_depth_0\target\javulna-1.0-SNAPSHOT\BOOT-INF\lib\jandex-2.4.2.Final.jar
[DEBUG] [2025-01-10 16:40:09,392 +0530[ - Dependency file found location: C:\Users\vishw\AppData\Local\Temp\ws-ua_20250110163832_IWGIUR\archiveExtraction_TSOWSZ\QNJCJR\20250110163833\javulna-master_depth_0\target\javulna-1.0-SNAPSHOT\BOOT-INF\lib\jaxb-runtime-2.3.6.jar
[DEBUG] [2025-01-10 16:40:09,393 +0530[ - Dependency file found location: C:\Users\vishw\AppData\Local\Temp\ws-ua_20250110163832_IWGIUR\archiveExtraction_TSOWSZ\QNJCJR\20250110163833\javulna-master_depth_0\target\javulna-1.0-SNAPSHOT\BOOT-INF\lib\jboss-logging-3.4.3.Final.jar
[DEBUG] [2025-01-10 16:40:09,394 +0530[ - Dependency file found location: C:\Users\vishw\AppData\Local\Temp\ws-ua_20250110163832_IWGIUR\archiveExtraction_TSOWSZ\QNJCJR\20250110163833\javulna-master_depth_0\target\javulna-1.0-SNAPSHOT\BOOT-INF\lib\jcl-over-slf4j-1.7.36.jar
[DEBUG] [2025-01-10 16:40:09,395 +0530[ - Dependency file found location: C:\Users\vishw\AppData\Local\Temp\ws-ua_20250110163832_IWGIUR\archiveExtraction_TSOWSZ\QNJCJR\20250110163833\javulna-master_depth_0\target\javulna-1.0-SNAPSHOT\BOOT-INF\lib\jul-to-slf4j-1.7.36.jar
[DEBUG] [2025-01-10 16:40:09,398 +0530[ - Dependency file found location: C:\Users\vishw\AppData\Local\Temp\ws-ua_20250110163832_IWGIUR\archiveExtraction_TSOWSZ\QNJCJR\20250110163833\javulna-master_depth_0\target\javulna-1.0-SNAPSHOT\BOOT-INF\lib\log4j-1.2.17.jar
[DEBUG] [2025-01-10 16:40:09,402 +0530[ - Dependency file found location: C:\Users\vishw\AppData\Local\Temp\ws-ua_20250110163832_IWGIUR\archiveExtraction_TSOWSZ\QNJCJR\20250110163833\javulna-master_depth_0\target\javulna-1.0-SNAPSHOT\BOOT-INF\lib\log4j-api-2.17.2.jar
[DEBUG] [2025-01-10 16:40:09,404 +0530[ - Dependency file found location: C:\Users\vishw\AppData\Local\Temp\ws-ua_20250110163832_IWGIUR\archiveExtraction_TSOWSZ\QNJCJR\20250110163833\javulna-master_depth_0\target\javulna-1.0-SNAPSHOT\BOOT-INF\lib\log4j-to-slf4j-2.17.2.jar
[DEBUG] [2025-01-10 16:40:09,405 +0530[ - Dependency file found location: C:\Users\vishw\AppData\Local\Temp\ws-ua_20250110163832_IWGIUR\archiveExtraction_TSOWSZ\QNJCJR\20250110163833\javulna-master_depth_0\target\javulna-1.0-SNAPSHOT\BOOT-INF\lib\logback-classic-1.2.11.jar
[DEBUG] [2025-01-10 16:40:09,407 +0530[ - Dependency file found location: C:\Users\vishw\AppData\Local\Temp\ws-ua_20250110163832_IWGIUR\archiveExtraction_TSOWSZ\QNJCJR\20250110163833\javulna-master_depth_0\target\javulna-1.0-SNAPSHOT\BOOT-INF\lib\logback-core-1.2.11.jar
[DEBUG] [2025-01-10 16:40:09,409 +0530[ - Dependency file found location: C:\Users\vishw\AppData\Local\Temp\ws-ua_20250110163832_IWGIUR\archiveExtraction_TSOWSZ\QNJCJR\20250110163833\javulna-master_depth_0\target\javulna-1.0-SNAPSHOT\BOOT-INF\lib\nekohtml-1.9.22.jar
[DEBUG] [2025-01-10 16:40:09,411 +0530[ - Dependency file found location: C:\Users\vishw\AppData\Local\Temp\ws-ua_20250110163832_IWGIUR\archiveExtraction_TSOWSZ\QNJCJR\20250110163833\javulna-master_depth_0\target\javulna-1.0-SNAPSHOT\BOOT-INF\lib\slf4j-api-1.7.36.jar
[DEBUG] [2025-01-10 16:40:09,413 +0530[ - Dependency file found location: C:\Users\vishw\AppData\Local\Temp\ws-ua_20250110163832_IWGIUR\archiveExtraction_TSOWSZ\QNJCJR\20250110163833\javulna-master_depth_0\target\javulna-1.0-SNAPSHOT\BOOT-INF\lib\snakeyaml-1.29.jar
[DEBUG] [2025-01-10 16:40:09,415 +0530[ - Dependency file found location: C:\Users\vishw\AppData\Local\Temp\ws-ua_20250110163832_IWGIUR\archiveExtraction_TSOWSZ\QNJCJR\20250110163833\javulna-master_depth_0\target\javulna-1.0-SNAPSHOT\BOOT-INF\lib\spring-aop-5.3.19.jar
[DEBUG] [2025-01-10 16:40:09,416 +0530[ - Dependency file found location: C:\Users\vishw\AppData\Local\Temp\ws-ua_20250110163832_IWGIUR\archiveExtraction_TSOWSZ\QNJCJR\20250110163833\javulna-master_depth_0\target\javulna-1.0-SNAPSHOT\BOOT-INF\lib\spring-aspects-5.3.19.jar
[DEBUG] [2025-01-10 16:40:09,418 +0530[ - Dependency file found location: C:\Users\vishw\AppData\Local\Temp\ws-ua_20250110163832_IWGIUR\archiveExtraction_TSOWSZ\QNJCJR\20250110163833\javulna-master_depth_0\target\javulna-1.0-SNAPSHOT\BOOT-INF\lib\spring-beans-5.3.19.jar
[DEBUG] [2025-01-10 16:40:09,419 +0530[ - Dependency file found location: C:\Users\vishw\AppData\Local\Temp\ws-ua_20250110163832_IWGIUR\archiveExtraction_TSOWSZ\QNJCJR\20250110163833\javulna-master_depth_0\target\javulna-1.0-SNAPSHOT\BOOT-INF\lib\spring-boot-2.6.7.jar
[DEBUG] [2025-01-10 16:40:09,421 +0530[ - Dependency file found location: C:\Users\vishw\AppData\Local\Temp\ws-ua_20250110163832_IWGIUR\archiveExtraction_TSOWSZ\QNJCJR\20250110163833\javulna-master_depth_0\target\javulna-1.0-SNAPSHOT\BOOT-INF\lib\spring-boot-autoconfigure-2.6.7.jar
[DEBUG] [2025-01-10 16:40:09,423 +0530[ - Dependency file found location: C:\Users\vishw\AppData\Local\Temp\ws-ua_20250110163832_IWGIUR\archiveExtraction_TSOWSZ\QNJCJR\20250110163833\javulna-master_depth_0\target\javulna-1.0-SNAPSHOT\BOOT-INF\lib\spring-boot-jarmode-layertools-2.6.7.jar
[DEBUG] [2025-01-10 16:40:09,425 +0530[ - Dependency file found location: C:\Users\vishw\AppData\Local\Temp\ws-ua_20250110163832_IWGIUR\archiveExtraction_TSOWSZ\QNJCJR\20250110163833\javulna-master_depth_0\target\javulna-1.0-SNAPSHOT\BOOT-INF\lib\spring-context-5.3.19.jar
[DEBUG] [2025-01-10 16:40:09,426 +0530[ - Dependency file found location: C:\Users\vishw\AppData\Local\Temp\ws-ua_20250110163832_IWGIUR\archiveExtraction_TSOWSZ\QNJCJR\20250110163833\javulna-master_depth_0\target\javulna-1.0-SNAPSHOT\BOOT-INF\lib\spring-core-5.3.19.jar
[DEBUG] [2025-01-10 16:40:09,428 +0530[ - Dependency file found location: C:\Users\vishw\AppData\Local\Temp\ws-ua_20250110163832_IWGIUR\archiveExtraction_TSOWSZ\QNJCJR\20250110163833\javulna-master_depth_0\target\javulna-1.0-SNAPSHOT\BOOT-INF\lib\spring-data-commons-2.6.4.jar
[DEBUG] [2025-01-10 16:40:09,430 +0530[ - Dependency file found location: C:\Users\vishw\AppData\Local\Temp\ws-ua_20250110163832_IWGIUR\archiveExtraction_TSOWSZ\QNJCJR\20250110163833\javulna-master_depth_0\target\javulna-1.0-SNAPSHOT\BOOT-INF\lib\spring-data-jpa-2.6.4.jar
[DEBUG] [2025-01-10 16:40:09,431 +0530[ - Dependency file found location: C:\Users\vishw\AppData\Local\Temp\ws-ua_20250110163832_IWGIUR\archiveExtraction_TSOWSZ\QNJCJR\20250110163833\javulna-master_depth_0\target\javulna-1.0-SNAPSHOT\BOOT-INF\lib\spring-expression-5.3.19.jar
[DEBUG] [2025-01-10 16:40:09,433 +0530[ - Dependency file found location: C:\Users\vishw\AppData\Local\Temp\ws-ua_20250110163832_IWGIUR\archiveExtraction_TSOWSZ\QNJCJR\20250110163833\javulna-master_depth_0\target\javulna-1.0-SNAPSHOT\BOOT-INF\lib\spring-jcl-5.3.19.jar
[DEBUG] [2025-01-10 16:40:09,435 +0530[ - Dependency file found location: C:\Users\vishw\AppData\Local\Temp\ws-ua_20250110163832_IWGIUR\archiveExtraction_TSOWSZ\QNJCJR\20250110163833\javulna-master_depth_0\target\javulna-1.0-SNAPSHOT\BOOT-INF\lib\spring-jdbc-5.3.19.jar
[DEBUG] [2025-01-10 16:40:09,437 +0530[ - Dependency file found location: C:\Users\vishw\AppData\Local\Temp\ws-ua_20250110163832_IWGIUR\archiveExtraction_TSOWSZ\QNJCJR\20250110163833\javulna-master_depth_0\target\javulna-1.0-SNAPSHOT\BOOT-INF\lib\spring-messaging-5.3.19.jar
[DEBUG] [2025-01-10 16:40:09,440 +0530[ - Dependency file found location: C:\Users\vishw\AppData\Local\Temp\ws-ua_20250110163832_IWGIUR\archiveExtraction_TSOWSZ\QNJCJR\20250110163833\javulna-master_depth_0\target\javulna-1.0-SNAPSHOT\BOOT-INF\lib\spring-orm-5.3.19.jar
[DEBUG] [2025-01-10 16:40:09,442 +0530[ - Dependency file found location: C:\Users\vishw\AppData\Local\Temp\ws-ua_20250110163832_IWGIUR\archiveExtraction_TSOWSZ\QNJCJR\20250110163833\javulna-master_depth_0\target\javulna-1.0-SNAPSHOT\BOOT-INF\lib\spring-security-config-5.6.3.jar
[DEBUG] [2025-01-10 16:40:09,444 +0530[ - Dependency file found location: C:\Users\vishw\AppData\Local\Temp\ws-ua_20250110163832_IWGIUR\archiveExtraction_TSOWSZ\QNJCJR\20250110163833\javulna-master_depth_0\target\javulna-1.0-SNAPSHOT\BOOT-INF\lib\spring-security-core-5.6.3.jar
[DEBUG] [2025-01-10 16:40:09,446 +0530[ - Dependency file found location: C:\Users\vishw\AppData\Local\Temp\ws-ua_20250110163832_IWGIUR\archiveExtraction_TSOWSZ\QNJCJR\20250110163833\javulna-master_depth_0\target\javulna-1.0-SNAPSHOT\BOOT-INF\lib\spring-security-crypto-5.6.3.jar
[DEBUG] [2025-01-10 16:40:09,448 +0530[ - Dependency file found location: C:\Users\vishw\AppData\Local\Temp\ws-ua_20250110163832_IWGIUR\archiveExtraction_TSOWSZ\QNJCJR\20250110163833\javulna-master_depth_0\target\javulna-1.0-SNAPSHOT\BOOT-INF\lib\spring-security-web-5.6.3.jar
[DEBUG] [2025-01-10 16:40:09,449 +0530[ - Dependency file found location: C:\Users\vishw\AppData\Local\Temp\ws-ua_20250110163832_IWGIUR\archiveExtraction_TSOWSZ\QNJCJR\20250110163833\javulna-master_depth_0\target\javulna-1.0-SNAPSHOT\BOOT-INF\lib\spring-tx-5.3.19.jar
[DEBUG] [2025-01-10 16:40:09,453 +0530[ - Dependency file found location: C:\Users\vishw\AppData\Local\Temp\ws-ua_20250110163832_IWGIUR\archiveExtraction_TSOWSZ\QNJCJR\20250110163833\javulna-master_depth_0\target\javulna-1.0-SNAPSHOT\BOOT-INF\lib\spring-web-5.3.19.jar
[DEBUG] [2025-01-10 16:40:09,456 +0530[ - Dependency file found location: C:\Users\vishw\AppData\Local\Temp\ws-ua_20250110163832_IWGIUR\archiveExtraction_TSOWSZ\QNJCJR\20250110163833\javulna-master_depth_0\target\javulna-1.0-SNAPSHOT\BOOT-INF\lib\spring-webmvc-5.3.19.jar
[DEBUG] [2025-01-10 16:40:09,458 +0530[ - Dependency file found location: C:\Users\vishw\AppData\Local\Temp\ws-ua_20250110163832_IWGIUR\archiveExtraction_TSOWSZ\QNJCJR\20250110163833\javulna-master_depth_0\target\javulna-1.0-SNAPSHOT\BOOT-INF\lib\spring-websocket-5.3.19.jar
[DEBUG] [2025-01-10 16:40:09,460 +0530[ - Dependency file found location: C:\Users\vishw\AppData\Local\Temp\ws-ua_20250110163832_IWGIUR\archiveExtraction_TSOWSZ\QNJCJR\20250110163833\javulna-master_depth_0\target\javulna-1.0-SNAPSHOT\BOOT-INF\lib\stax2-api-4.2.1.jar
[DEBUG] [2025-01-10 16:40:09,461 +0530[ - Dependency file found location: C:\Users\vishw\AppData\Local\Temp\ws-ua_20250110163832_IWGIUR\archiveExtraction_TSOWSZ\QNJCJR\20250110163833\javulna-master_depth_0\target\javulna-1.0-SNAPSHOT\BOOT-INF\lib\tomcat-embed-core-9.0.62.jar
[DEBUG] [2025-01-10 16:40:09,462 +0530[ - Dependency file found location: C:\Users\vishw\AppData\Local\Temp\ws-ua_20250110163832_IWGIUR\archiveExtraction_TSOWSZ\QNJCJR\20250110163833\javulna-master_depth_0\target\javulna-1.0-SNAPSHOT\BOOT-INF\lib\tomcat-embed-el-9.0.62.jar
[DEBUG] [2025-01-10 16:40:09,463 +0530[ - Dependency file found location: C:\Users\vishw\AppData\Local\Temp\ws-ua_20250110163832_IWGIUR\archiveExtraction_TSOWSZ\QNJCJR\20250110163833\javulna-master_depth_0\target\javulna-1.0-SNAPSHOT\BOOT-INF\lib\tomcat-embed-websocket-9.0.62.jar
[DEBUG] [2025-01-10 16:40:09,465 +0530[ - Dependency file found location: C:\Users\vishw\AppData\Local\Temp\ws-ua_20250110163832_IWGIUR\archiveExtraction_TSOWSZ\QNJCJR\20250110163833\javulna-master_depth_0\target\javulna-1.0-SNAPSHOT\BOOT-INF\lib\txw2-2.3.6.jar
[DEBUG] [2025-01-10 16:40:09,467 +0530[ - Dependency file found location: C:\Users\vishw\AppData\Local\Temp\ws-ua_20250110163832_IWGIUR\archiveExtraction_TSOWSZ\QNJCJR\20250110163833\javulna-master_depth_0\target\javulna-1.0-SNAPSHOT\BOOT-INF\lib\woodstox-core-6.2.7.jar
[DEBUG] [2025-01-10 16:40:09,468 +0530[ - Dependency file found location: C:\Users\vishw\AppData\Local\Temp\ws-ua_20250110163832_IWGIUR\archiveExtraction_TSOWSZ\QNJCJR\20250110163833\javulna-master_depth_0\target\javulna-1.0-SNAPSHOT\BOOT-INF\lib\xalan-2.7.0.jar
[DEBUG] [2025-01-10 16:40:09,471 +0530[ - Dependency file found location: C:\Users\vishw\AppData\Local\Temp\ws-ua_20250110163832_IWGIUR\archiveExtraction_TSOWSZ\QNJCJR\20250110163833\javulna-master_depth_0\target\javulna-1.0-SNAPSHOT\BOOT-INF\lib\xercesImpl-2.8.0.jar
[DEBUG] [2025-01-10 16:40:09,473 +0530[ - Dependency file found location: C:\Users\vishw\AppData\Local\Temp\ws-ua_20250110163832_IWGIUR\archiveExtraction_TSOWSZ\QNJCJR\20250110163833\javulna-master_depth_0\target\javulna-1.0-SNAPSHOT\BOOT-INF\lib\xml-apis-1.3.03.jar
[DEBUG] [2025-01-10 16:40:09,474 +0530[ - Dependency file found location: C:\Users\vishw\AppData\Local\Temp\ws-ua_20250110163832_IWGIUR\archiveExtraction_TSOWSZ\QNJCJR\20250110163833\javulna-master_depth_0\target\javulna-1.0-SNAPSHOT\BOOT-INF\lib\xml-apis-ext-1.3.04.jar
[DEBUG] [2025-01-10 16:40:09,477 +0530[ - Dependency file found location: C:\Users\vishw\AppData\Local\Temp\ws-ua_20250110163832_IWGIUR\archiveExtraction_TSOWSZ\QNJCJR\20250110163833\javulna-master_depth_0\target\javulna-1.0-SNAPSHOT\BOOT-INF\lib\xom-1.2.5.jar
[DEBUG] [2025-01-10 16:40:09,583 +0530[ - Dependency file found location: C:\Users\vishw\AppData\Local\Temp\ws-ua_20250110163832_IWGIUR\archiveExtraction_TSOWSZ\QNJCJR\20250110163833\javulna-master_depth_0\target\javulna-1.0-SNAPSHOT-jar-with-dependencies\BOOT-INF\lib\antisamy-1.5.3.jar
[DEBUG] [2025-01-10 16:40:09,584 +0530[ - Dependency file found location: C:\Users\vishw\AppData\Local\Temp\ws-ua_20250110163832_IWGIUR\archiveExtraction_TSOWSZ\QNJCJR\20250110163833\javulna-master_depth_0\target\javulna-1.0-SNAPSHOT-jar-with-dependencies\BOOT-INF\lib\antlr-2.7.7.jar
[DEBUG] [2025-01-10 16:40:09,586 +0530[ - Dependency file found location: C:\Users\vishw\AppData\Local\Temp\ws-ua_20250110163832_IWGIUR\archiveExtraction_TSOWSZ\QNJCJR\20250110163833\javulna-master_depth_0\target\javulna-1.0-SNAPSHOT-jar-with-dependencies\BOOT-INF\lib\aspectjweaver-1.9.7.jar
[DEBUG] [2025-01-10 16:40:09,587 +0530[ - Dependency file found location: C:\Users\vishw\AppData\Local\Temp\ws-ua_20250110163832_IWGIUR\archiveExtraction_TSOWSZ\QNJCJR\20250110163833\javulna-master_depth_0\target\javulna-1.0-SNAPSHOT-jar-with-dependencies\BOOT-INF\lib\batik-css-1.8.jar
[DEBUG] [2025-01-10 16:40:09,588 +0530[ - Dependency file found location: C:\Users\vishw\AppData\Local\Temp\ws-ua_20250110163832_IWGIUR\archiveExtraction_TSOWSZ\QNJCJR\20250110163833\javulna-master_depth_0\target\javulna-1.0-SNAPSHOT-jar-with-dependencies\BOOT-INF\lib\batik-ext-1.8.jar
[DEBUG] [2025-01-10 16:40:09,590 +0530[ - Dependency file found location: C:\Users\vishw\AppData\Local\Temp\ws-ua_20250110163832_IWGIUR\archiveExtraction_TSOWSZ\QNJCJR\20250110163833\javulna-master_depth_0\target\javulna-1.0-SNAPSHOT-jar-with-dependencies\BOOT-INF\lib\batik-util-1.8.jar
[DEBUG] [2025-01-10 16:40:09,592 +0530[ - Dependency file found location: C:\Users\vishw\AppData\Local\Temp\ws-ua_20250110163832_IWGIUR\archiveExtraction_TSOWSZ\QNJCJR\20250110163833\javulna-master_depth_0\target\javulna-1.0-SNAPSHOT-jar-with-dependencies\BOOT-INF\lib\bsh-core-2.0b4.jar
[DEBUG] [2025-01-10 16:40:09,594 +0530[ - Dependency file found location: C:\Users\vishw\AppData\Local\Temp\ws-ua_20250110163832_IWGIUR\archiveExtraction_TSOWSZ\QNJCJR\20250110163833\javulna-master_depth_0\target\javulna-1.0-SNAPSHOT-jar-with-dependencies\BOOT-INF\lib\byte-buddy-1.11.22.jar
[DEBUG] [2025-01-10 16:40:09,595 +0530[ - Dependency file found location: C:\Users\vishw\AppData\Local\Temp\ws-ua_20250110163832_IWGIUR\archiveExtraction_TSOWSZ\QNJCJR\20250110163833\javulna-master_depth_0\target\javulna-1.0-SNAPSHOT-jar-with-dependencies\BOOT-INF\lib\classmate-1.5.1.jar
[DEBUG] [2025-01-10 16:40:09,596 +0530[ - Dependency file found location: C:\Users\vishw\AppData\Local\Temp\ws-ua_20250110163832_IWGIUR\archiveExtraction_TSOWSZ\QNJCJR\20250110163833\javulna-master_depth_0\target\javulna-1.0-SNAPSHOT-jar-with-dependencies\BOOT-INF\lib\commons-beanutils-1.9.1.jar
[DEBUG] [2025-01-10 16:40:09,597 +0530[ - Dependency file found location: C:\Users\vishw\AppData\Local\Temp\ws-ua_20250110163832_IWGIUR\archiveExtraction_TSOWSZ\QNJCJR\20250110163833\javulna-master_depth_0\target\javulna-1.0-SNAPSHOT-jar-with-dependencies\BOOT-INF\lib\commons-beanutils-core-1.8.3.jar
[DEBUG] [2025-01-10 16:40:09,598 +0530[ - Dependency file found location: C:\Users\vishw\AppData\Local\Temp\ws-ua_20250110163832_IWGIUR\archiveExtraction_TSOWSZ\QNJCJR\20250110163833\javulna-master_depth_0\target\javulna-1.0-SNAPSHOT-jar-with-dependencies\BOOT-INF\lib\commons-codec-1.15.jar
[DEBUG] [2025-01-10 16:40:09,599 +0530[ - Dependency file found location: C:\Users\vishw\AppData\Local\Temp\ws-ua_20250110163832_IWGIUR\archiveExtraction_TSOWSZ\QNJCJR\20250110163833\javulna-master_depth_0\target\javulna-1.0-SNAPSHOT-jar-with-dependencies\BOOT-INF\lib\commons-collections-3.2.2.jar
[DEBUG] [2025-01-10 16:40:09,601 +0530[ - Dependency file found location: C:\Users\vishw\AppData\Local\Temp\ws-ua_20250110163832_IWGIUR\archiveExtraction_TSOWSZ\QNJCJR\20250110163833\javulna-master_depth_0\target\javulna-1.0-SNAPSHOT-jar-with-dependencies\BOOT-INF\lib\commons-collections4-4.0.jar
[DEBUG] [2025-01-10 16:40:09,602 +0530[ - Dependency file found location: C:\Users\vishw\AppData\Local\Temp\ws-ua_20250110163832_IWGIUR\archiveExtraction_TSOWSZ\QNJCJR\20250110163833\javulna-master_depth_0\target\javulna-1.0-SNAPSHOT-jar-with-dependencies\BOOT-INF\lib\commons-configuration-1.10.jar
[DEBUG] [2025-01-10 16:40:09,603 +0530[ - Dependency file found location: C:\Users\vishw\AppData\Local\Temp\ws-ua_20250110163832_IWGIUR\archiveExtraction_TSOWSZ\QNJCJR\20250110163833\javulna-master_depth_0\target\javulna-1.0-SNAPSHOT-jar-with-dependencies\BOOT-INF\lib\commons-fileupload-1.3.1.jar
[DEBUG] [2025-01-10 16:40:09,604 +0530[ - Dependency file found location: C:\Users\vishw\AppData\Local\Temp\ws-ua_20250110163832_IWGIUR\archiveExtraction_TSOWSZ\QNJCJR\20250110163833\javulna-master_depth_0\target\javulna-1.0-SNAPSHOT-jar-with-dependencies\BOOT-INF\lib\commons-httpclient-3.1.jar
[DEBUG] [2025-01-10 16:40:09,605 +0530[ - Dependency file found location: C:\Users\vishw\AppData\Local\Temp\ws-ua_20250110163832_IWGIUR\archiveExtraction_TSOWSZ\QNJCJR\20250110163833\javulna-master_depth_0\target\javulna-1.0-SNAPSHOT-jar-with-dependencies\BOOT-INF\lib\commons-io-2.6.jar
[DEBUG] [2025-01-10 16:40:09,606 +0530[ - Dependency file found location: C:\Users\vishw\AppData\Local\Temp\ws-ua_20250110163832_IWGIUR\archiveExtraction_TSOWSZ\QNJCJR\20250110163833\javulna-master_depth_0\target\javulna-1.0-SNAPSHOT-jar-with-dependencies\BOOT-INF\lib\commons-lang-2.6.jar
[DEBUG] [2025-01-10 16:40:09,609 +0530[ - Dependency file found location: C:\Users\vishw\AppData\Local\Temp\ws-ua_20250110163832_IWGIUR\archiveExtraction_TSOWSZ\QNJCJR\20250110163833\javulna-master_depth_0\target\javulna-1.0-SNAPSHOT-jar-with-dependencies\BOOT-INF\lib\commons-lang3-3.12.0.jar
[DEBUG] [2025-01-10 16:40:09,610 +0530[ - Dependency file found location: C:\Users\vishw\AppData\Local\Temp\ws-ua_20250110163832_IWGIUR\archiveExtraction_TSOWSZ\QNJCJR\20250110163833\javulna-master_depth_0\target\javulna-1.0-SNAPSHOT-jar-with-dependencies\BOOT-INF\lib\commons-logging-1.1.1.jar
[DEBUG] [2025-01-10 16:40:09,611 +0530[ - Dependency file found location: C:\Users\vishw\AppData\Local\Temp\ws-ua_20250110163832_IWGIUR\archiveExtraction_TSOWSZ\QNJCJR\20250110163833\javulna-master_depth_0\target\javulna-1.0-SNAPSHOT-jar-with-dependencies\BOOT-INF\lib\dozer-5.5.1.jar
[DEBUG] [2025-01-10 16:40:09,612 +0530[ - Dependency file found location: C:\Users\vishw\AppData\Local\Temp\ws-ua_20250110163832_IWGIUR\archiveExtraction_TSOWSZ\QNJCJR\20250110163833\javulna-master_depth_0\target\javulna-1.0-SNAPSHOT-jar-with-dependencies\BOOT-INF\lib\encoder-1.2.1.jar
[DEBUG] [2025-01-10 16:40:09,613 +0530[ - Dependency file found location: C:\Users\vishw\AppData\Local\Temp\ws-ua_20250110163832_IWGIUR\archiveExtraction_TSOWSZ\QNJCJR\20250110163833\javulna-master_depth_0\target\javulna-1.0-SNAPSHOT-jar-with-dependencies\BOOT-INF\lib\esapi-2.1.0.1.jar
[DEBUG] [2025-01-10 16:40:09,615 +0530[ - Dependency file found location: C:\Users\vishw\AppData\Local\Temp\ws-ua_20250110163832_IWGIUR\archiveExtraction_TSOWSZ\QNJCJR\20250110163833\javulna-master_depth_0\target\javulna-1.0-SNAPSHOT-jar-with-dependencies\BOOT-INF\lib\hibernate-commons-annotations-5.1.2.Final.jar
[DEBUG] [2025-01-10 16:40:09,616 +0530[ - Dependency file found location: C:\Users\vishw\AppData\Local\Temp\ws-ua_20250110163832_IWGIUR\archiveExtraction_TSOWSZ\QNJCJR\20250110163833\javulna-master_depth_0\target\javulna-1.0-SNAPSHOT-jar-with-dependencies\BOOT-INF\lib\hibernate-core-5.6.8.Final.jar
[DEBUG] [2025-01-10 16:40:09,617 +0530[ - Dependency file found location: C:\Users\vishw\AppData\Local\Temp\ws-ua_20250110163832_IWGIUR\archiveExtraction_TSOWSZ\QNJCJR\20250110163833\javulna-master_depth_0\target\javulna-1.0-SNAPSHOT-jar-with-dependencies\BOOT-INF\lib\hibernate-validator-6.2.3.Final.jar
[DEBUG] [2025-01-10 16:40:09,619 +0530[ - Dependency file found location: C:\Users\vishw\AppData\Local\Temp\ws-ua_20250110163832_IWGIUR\archiveExtraction_TSOWSZ\QNJCJR\20250110163833\javulna-master_depth_0\target\javulna-1.0-SNAPSHOT-jar-with-dependencies\BOOT-INF\lib\HikariCP-4.0.3.jar
[DEBUG] [2025-01-10 16:40:09,620 +0530[ - Dependency file found location: C:\Users\vishw\AppData\Local\Temp\ws-ua_20250110163832_IWGIUR\archiveExtraction_TSOWSZ\QNJCJR\20250110163833\javulna-master_depth_0\target\javulna-1.0-SNAPSHOT-jar-with-dependencies\BOOT-INF\lib\hsqldb-2.5.2.jar
[DEBUG] [2025-01-10 16:40:09,621 +0530[ - Dependency file found location: C:\Users\vishw\AppData\Local\Temp\ws-ua_20250110163832_IWGIUR\archiveExtraction_TSOWSZ\QNJCJR\20250110163833\javulna-master_depth_0\target\javulna-1.0-SNAPSHOT-jar-with-dependencies\BOOT-INF\lib\istack-commons-runtime-3.0.12.jar
[DEBUG] [2025-01-10 16:40:09,623 +0530[ - Dependency file found location: C:\Users\vishw\AppData\Local\Temp\ws-ua_20250110163832_IWGIUR\archiveExtraction_TSOWSZ\QNJCJR\20250110163833\javulna-master_depth_0\target\javulna-1.0-SNAPSHOT-jar-with-dependencies\BOOT-INF\lib\jackson-annotations-2.13.2.jar
[DEBUG] [2025-01-10 16:40:09,625 +0530[ - Dependency file found location: C:\Users\vishw\AppData\Local\Temp\ws-ua_20250110163832_IWGIUR\archiveExtraction_TSOWSZ\QNJCJR\20250110163833\javulna-master_depth_0\target\javulna-1.0-SNAPSHOT-jar-with-dependencies\BOOT-INF\lib\jackson-core-2.13.2.jar
[DEBUG] [2025-01-10 16:40:09,626 +0530[ - Dependency file found location: C:\Users\vishw\AppData\Local\Temp\ws-ua_20250110163832_IWGIUR\archiveExtraction_TSOWSZ\QNJCJR\20250110163833\javulna-master_depth_0\target\javulna-1.0-SNAPSHOT-jar-with-dependencies\BOOT-INF\lib\jackson-databind-2.13.2.1.jar
[DEBUG] [2025-01-10 16:40:09,627 +0530[ - Dependency file found location: C:\Users\vishw\AppData\Local\Temp\ws-ua_20250110163832_IWGIUR\archiveExtraction_TSOWSZ\QNJCJR\20250110163833\javulna-master_depth_0\target\javulna-1.0-SNAPSHOT-jar-with-dependencies\BOOT-INF\lib\jackson-dataformat-xml-2.13.2.jar
[DEBUG] [2025-01-10 16:40:09,628 +0530[ - Dependency file found location: C:\Users\vishw\AppData\Local\Temp\ws-ua_20250110163832_IWGIUR\archiveExtraction_TSOWSZ\QNJCJR\20250110163833\javulna-master_depth_0\target\javulna-1.0-SNAPSHOT-jar-with-dependencies\BOOT-INF\lib\jackson-datatype-jdk8-2.13.2.jar
[DEBUG] [2025-01-10 16:40:09,629 +0530[ - Dependency file found location: C:\Users\vishw\AppData\Local\Temp\ws-ua_20250110163832_IWGIUR\archiveExtraction_TSOWSZ\QNJCJR\20250110163833\javulna-master_depth_0\target\javulna-1.0-SNAPSHOT-jar-with-dependencies\BOOT-INF\lib\jackson-datatype-jsr310-2.13.2.jar
[DEBUG] [2025-01-10 16:40:09,631 +0530[ - Dependency file found location: C:\Users\vishw\AppData\Local\Temp\ws-ua_20250110163832_IWGIUR\archiveExtraction_TSOWSZ\QNJCJR\20250110163833\javulna-master_depth_0\target\javulna-1.0-SNAPSHOT-jar-with-dependencies\BOOT-INF\lib\jackson-module-parameter-names-2.13.2.jar
[DEBUG] [2025-01-10 16:40:09,632 +0530[ - Dependency file found location: C:\Users\vishw\AppData\Local\Temp\ws-ua_20250110163832_IWGIUR\archiveExtraction_TSOWSZ\QNJCJR\20250110163833\javulna-master_depth_0\target\javulna-1.0-SNAPSHOT-jar-with-dependencies\BOOT-INF\lib\jakarta.activation-1.2.2.jar
[DEBUG] [2025-01-10 16:40:09,633 +0530[ - Dependency file found location: C:\Users\vishw\AppData\Local\Temp\ws-ua_20250110163832_IWGIUR\archiveExtraction_TSOWSZ\QNJCJR\20250110163833\javulna-master_depth_0\target\javulna-1.0-SNAPSHOT-jar-with-dependencies\BOOT-INF\lib\jakarta.annotation-api-1.3.5.jar
[DEBUG] [2025-01-10 16:40:09,634 +0530[ - Dependency file found location: C:\Users\vishw\AppData\Local\Temp\ws-ua_20250110163832_IWGIUR\archiveExtraction_TSOWSZ\QNJCJR\20250110163833\javulna-master_depth_0\target\javulna-1.0-SNAPSHOT-jar-with-dependencies\BOOT-INF\lib\jakarta.persistence-api-2.2.3.jar
[DEBUG] [2025-01-10 16:40:09,635 +0530[ - Dependency file found location: C:\Users\vishw\AppData\Local\Temp\ws-ua_20250110163832_IWGIUR\archiveExtraction_TSOWSZ\QNJCJR\20250110163833\javulna-master_depth_0\target\javulna-1.0-SNAPSHOT-jar-with-dependencies\BOOT-INF\lib\jakarta.transaction-api-1.3.3.jar
[DEBUG] [2025-01-10 16:40:09,636 +0530[ - Dependency file found location: C:\Users\vishw\AppData\Local\Temp\ws-ua_20250110163832_IWGIUR\archiveExtraction_TSOWSZ\QNJCJR\20250110163833\javulna-master_depth_0\target\javulna-1.0-SNAPSHOT-jar-with-dependencies\BOOT-INF\lib\jakarta.validation-api-2.0.2.jar
[DEBUG] [2025-01-10 16:40:09,637 +0530[ - Dependency file found location: C:\Users\vishw\AppData\Local\Temp\ws-ua_20250110163832_IWGIUR\archiveExtraction_TSOWSZ\QNJCJR\20250110163833\javulna-master_depth_0\target\javulna-1.0-SNAPSHOT-jar-with-dependencies\BOOT-INF\lib\jakarta.xml.bind-api-2.3.3.jar
[DEBUG] [2025-01-10 16:40:09,639 +0530[ - Dependency file found location: C:\Users\vishw\AppData\Local\Temp\ws-ua_20250110163832_IWGIUR\archiveExtraction_TSOWSZ\QNJCJR\20250110163833\javulna-master_depth_0\target\javulna-1.0-SNAPSHOT-jar-with-dependencies\BOOT-INF\lib\jandex-2.4.2.Final.jar
[DEBUG] [2025-01-10 16:40:09,641 +0530[ - Dependency file found location: C:\Users\vishw\AppData\Local\Temp\ws-ua_20250110163832_IWGIUR\archiveExtraction_TSOWSZ\QNJCJR\20250110163833\javulna-master_depth_0\target\javulna-1.0-SNAPSHOT-jar-with-dependencies\BOOT-INF\lib\jaxb-runtime-2.3.6.jar
[DEBUG] [2025-01-10 16:40:09,642 +0530[ - Dependency file found location: C:\Users\vishw\AppData\Local\Temp\ws-ua_20250110163832_IWGIUR\archiveExtraction_TSOWSZ\QNJCJR\20250110163833\javulna-master_depth_0\target\javulna-1.0-SNAPSHOT-jar-with-dependencies\BOOT-INF\lib\jboss-logging-3.4.3.Final.jar
[DEBUG] [2025-01-10 16:40:09,644 +0530[ - Dependency file found location: C:\Users\vishw\AppData\Local\Temp\ws-ua_20250110163832_IWGIUR\archiveExtraction_TSOWSZ\QNJCJR\20250110163833\javulna-master_depth_0\target\javulna-1.0-SNAPSHOT-jar-with-dependencies\BOOT-INF\lib\jcl-over-slf4j-1.7.36.jar
[DEBUG] [2025-01-10 16:40:09,647 +0530[ - Dependency file found location: C:\Users\vishw\AppData\Local\Temp\ws-ua_20250110163832_IWGIUR\archiveExtraction_TSOWSZ\QNJCJR\20250110163833\javulna-master_depth_0\target\javulna-1.0-SNAPSHOT-jar-with-dependencies\BOOT-INF\lib\jul-to-slf4j-1.7.36.jar
[DEBUG] [2025-01-10 16:40:09,649 +0530[ - Dependency file found location: C:\Users\vishw\AppData\Local\Temp\ws-ua_20250110163832_IWGIUR\archiveExtraction_TSOWSZ\QNJCJR\20250110163833\javulna-master_depth_0\target\javulna-1.0-SNAPSHOT-jar-with-dependencies\BOOT-INF\lib\log4j-1.2.17.jar
[DEBUG] [2025-01-10 16:40:09,650 +0530[ - Dependency file found location: C:\Users\vishw\AppData\Local\Temp\ws-ua_20250110163832_IWGIUR\archiveExtraction_TSOWSZ\QNJCJR\20250110163833\javulna-master_depth_0\target\javulna-1.0-SNAPSHOT-jar-with-dependencies\BOOT-INF\lib\log4j-api-2.17.2.jar
[DEBUG] [2025-01-10 16:40:09,651 +0530[ - Dependency file found location: C:\Users\vishw\AppData\Local\Temp\ws-ua_20250110163832_IWGIUR\archiveExtraction_TSOWSZ\QNJCJR\20250110163833\javulna-master_depth_0\target\javulna-1.0-SNAPSHOT-jar-with-dependencies\BOOT-INF\lib\log4j-to-slf4j-2.17.2.jar
[DEBUG] [2025-01-10 16:40:09,652 +0530[ - Dependency file found location: C:\Users\vishw\AppData\Local\Temp\ws-ua_20250110163832_IWGIUR\archiveExtraction_TSOWSZ\QNJCJR\20250110163833\javulna-master_depth_0\target\javulna-1.0-SNAPSHOT-jar-with-dependencies\BOOT-INF\lib\logback-classic-1.2.11.jar
[DEBUG] [2025-01-10 16:40:09,653 +0530[ - Dependency file found location: C:\Users\vishw\AppData\Local\Temp\ws-ua_20250110163832_IWGIUR\archiveExtraction_TSOWSZ\QNJCJR\20250110163833\javulna-master_depth_0\target\javulna-1.0-SNAPSHOT-jar-with-dependencies\BOOT-INF\lib\logback-core-1.2.11.jar
[DEBUG] [2025-01-10 16:40:09,654 +0530[ - Dependency file found location: C:\Users\vishw\AppData\Local\Temp\ws-ua_20250110163832_IWGIUR\archiveExtraction_TSOWSZ\QNJCJR\20250110163833\javulna-master_depth_0\target\javulna-1.0-SNAPSHOT-jar-with-dependencies\BOOT-INF\lib\nekohtml-1.9.22.jar
[DEBUG] [2025-01-10 16:40:09,656 +0530[ - Dependency file found location: C:\Users\vishw\AppData\Local\Temp\ws-ua_20250110163832_IWGIUR\archiveExtraction_TSOWSZ\QNJCJR\20250110163833\javulna-master_depth_0\target\javulna-1.0-SNAPSHOT-jar-with-dependencies\BOOT-INF\lib\slf4j-api-1.7.36.jar
[DEBUG] [2025-01-10 16:40:09,657 +0530[ - Dependency file found location: C:\Users\vishw\AppData\Local\Temp\ws-ua_20250110163832_IWGIUR\archiveExtraction_TSOWSZ\QNJCJR\20250110163833\javulna-master_depth_0\target\javulna-1.0-SNAPSHOT-jar-with-dependencies\BOOT-INF\lib\snakeyaml-1.29.jar
[DEBUG] [2025-01-10 16:40:09,660 +0530[ - Dependency file found location: C:\Users\vishw\AppData\Local\Temp\ws-ua_20250110163832_IWGIUR\archiveExtraction_TSOWSZ\QNJCJR\20250110163833\javulna-master_depth_0\target\javulna-1.0-SNAPSHOT-jar-with-dependencies\BOOT-INF\lib\spring-aop-5.3.19.jar
[DEBUG] [2025-01-10 16:40:09,661 +0530[ - Dependency file found location: C:\Users\vishw\AppData\Local\Temp\ws-ua_20250110163832_IWGIUR\archiveExtraction_TSOWSZ\QNJCJR\20250110163833\javulna-master_depth_0\target\javulna-1.0-SNAPSHOT-jar-with-dependencies\BOOT-INF\lib\spring-aspects-5.3.19.jar
[DEBUG] [2025-01-10 16:40:09,662 +0530[ - Dependency file found location: C:\Users\vishw\AppData\Local\Temp\ws-ua_20250110163832_IWGIUR\archiveExtraction_TSOWSZ\QNJCJR\20250110163833\javulna-master_depth_0\target\javulna-1.0-SNAPSHOT-jar-with-dependencies\BOOT-INF\lib\spring-beans-5.3.19.jar
[DEBUG] [2025-01-10 16:40:09,664 +0530[ - Dependency file found location: C:\Users\vishw\AppData\Local\Temp\ws-ua_20250110163832_IWGIUR\archiveExtraction_TSOWSZ\QNJCJR\20250110163833\javulna-master_depth_0\target\javulna-1.0-SNAPSHOT-jar-with-dependencies\BOOT-INF\lib\spring-boot-2.6.7.jar
[DEBUG] [2025-01-10 16:40:09,664 +0530[ - Dependency file found location: C:\Users\vishw\AppData\Local\Temp\ws-ua_20250110163832_IWGIUR\archiveExtraction_TSOWSZ\QNJCJR\20250110163833\javulna-master_depth_0\target\javulna-1.0-SNAPSHOT-jar-with-dependencies\BOOT-INF\lib\spring-boot-autoconfigure-2.6.7.jar
[DEBUG] [2025-01-10 16:40:09,666 +0530[ - Dependency file found location: C:\Users\vishw\AppData\Local\Temp\ws-ua_20250110163832_IWGIUR\archiveExtraction_TSOWSZ\QNJCJR\20250110163833\javulna-master_depth_0\target\javulna-1.0-SNAPSHOT-jar-with-dependencies\BOOT-INF\lib\spring-boot-jarmode-layertools-2.6.7.jar
[DEBUG] [2025-01-10 16:40:09,667 +0530[ - Dependency file found location: C:\Users\vishw\AppData\Local\Temp\ws-ua_20250110163832_IWGIUR\archiveExtraction_TSOWSZ\QNJCJR\20250110163833\javulna-master_depth_0\target\javulna-1.0-SNAPSHOT-jar-with-dependencies\BOOT-INF\lib\spring-context-5.3.19.jar
[DEBUG] [2025-01-10 16:40:09,668 +0530[ - Dependency file found location: C:\Users\vishw\AppData\Local\Temp\ws-ua_20250110163832_IWGIUR\archiveExtraction_TSOWSZ\QNJCJR\20250110163833\javulna-master_depth_0\target\javulna-1.0-SNAPSHOT-jar-with-dependencies\BOOT-INF\lib\spring-core-5.3.19.jar
[DEBUG] [2025-01-10 16:40:09,669 +0530[ - Dependency file found location: C:\Users\vishw\AppData\Local\Temp\ws-ua_20250110163832_IWGIUR\archiveExtraction_TSOWSZ\QNJCJR\20250110163833\javulna-master_depth_0\target\javulna-1.0-SNAPSHOT-jar-with-dependencies\BOOT-INF\lib\spring-data-commons-2.6.4.jar
[DEBUG] [2025-01-10 16:40:09,670 +0530[ - Dependency file found location: C:\Users\vishw\AppData\Local\Temp\ws-ua_20250110163832_IWGIUR\archiveExtraction_TSOWSZ\QNJCJR\20250110163833\javulna-master_depth_0\target\javulna-1.0-SNAPSHOT-jar-with-dependencies\BOOT-INF\lib\spring-data-jpa-2.6.4.jar
[DEBUG] [2025-01-10 16:40:09,672 +0530[ - Dependency file found location: C:\Users\vishw\AppData\Local\Temp\ws-ua_20250110163832_IWGIUR\archiveExtraction_TSOWSZ\QNJCJR\20250110163833\javulna-master_depth_0\target\javulna-1.0-SNAPSHOT-jar-with-dependencies\BOOT-INF\lib\spring-expression-5.3.19.jar
[DEBUG] [2025-01-10 16:40:09,673 +0530[ - Dependency file found location: C:\Users\vishw\AppData\Local\Temp\ws-ua_20250110163832_IWGIUR\archiveExtraction_TSOWSZ\QNJCJR\20250110163833\javulna-master_depth_0\target\javulna-1.0-SNAPSHOT-jar-with-dependencies\BOOT-INF\lib\spring-jcl-5.3.19.jar
[DEBUG] [2025-01-10 16:40:09,675 +0530[ - Dependency file found location: C:\Users\vishw\AppData\Local\Temp\ws-ua_20250110163832_IWGIUR\archiveExtraction_TSOWSZ\QNJCJR\20250110163833\javulna-master_depth_0\target\javulna-1.0-SNAPSHOT-jar-with-dependencies\BOOT-INF\lib\spring-jdbc-5.3.19.jar
[DEBUG] [2025-01-10 16:40:09,676 +0530[ - Dependency file found location: C:\Users\vishw\AppData\Local\Temp\ws-ua_20250110163832_IWGIUR\archiveExtraction_TSOWSZ\QNJCJR\20250110163833\javulna-master_depth_0\target\javulna-1.0-SNAPSHOT-jar-with-dependencies\BOOT-INF\lib\spring-messaging-5.3.19.jar
[DEBUG] [2025-01-10 16:40:09,678 +0530[ - Dependency file found location: C:\Users\vishw\AppData\Local\Temp\ws-ua_20250110163832_IWGIUR\archiveExtraction_TSOWSZ\QNJCJR\20250110163833\javulna-master_depth_0\target\javulna-1.0-SNAPSHOT-jar-with-dependencies\BOOT-INF\lib\spring-orm-5.3.19.jar
[DEBUG] [2025-01-10 16:40:09,680 +0530[ - Dependency file found location: C:\Users\vishw\AppData\Local\Temp\ws-ua_20250110163832_IWGIUR\archiveExtraction_TSOWSZ\QNJCJR\20250110163833\javulna-master_depth_0\target\javulna-1.0-SNAPSHOT-jar-with-dependencies\BOOT-INF\lib\spring-security-config-5.6.3.jar
[DEBUG] [2025-01-10 16:40:09,681 +0530[ - Dependency file found location: C:\Users\vishw\AppData\Local\Temp\ws-ua_20250110163832_IWGIUR\archiveExtraction_TSOWSZ\QNJCJR\20250110163833\javulna-master_depth_0\target\javulna-1.0-SNAPSHOT-jar-with-dependencies\BOOT-INF\lib\spring-security-core-5.6.3.jar
[DEBUG] [2025-01-10 16:40:09,682 +0530[ - Dependency file found location: C:\Users\vishw\AppData\Local\Temp\ws-ua_20250110163832_IWGIUR\archiveExtraction_TSOWSZ\QNJCJR\20250110163833\javulna-master_depth_0\target\javulna-1.0-SNAPSHOT-jar-with-dependencies\BOOT-INF\lib\spring-security-crypto-5.6.3.jar
[DEBUG] [2025-01-10 16:40:09,684 +0530[ - Dependency file found location: C:\Users\vishw\AppData\Local\Temp\ws-ua_20250110163832_IWGIUR\archiveExtraction_TSOWSZ\QNJCJR\20250110163833\javulna-master_depth_0\target\javulna-1.0-SNAPSHOT-jar-with-dependencies\BOOT-INF\lib\spring-security-web-5.6.3.jar
[DEBUG] [2025-01-10 16:40:09,685 +0530[ - Dependency file found location: C:\Users\vishw\AppData\Local\Temp\ws-ua_20250110163832_IWGIUR\archiveExtraction_TSOWSZ\QNJCJR\20250110163833\javulna-master_depth_0\target\javulna-1.0-SNAPSHOT-jar-with-dependencies\BOOT-INF\lib\spring-tx-5.3.19.jar
[DEBUG] [2025-01-10 16:40:09,686 +0530[ - Dependency file found location: C:\Users\vishw\AppData\Local\Temp\ws-ua_20250110163832_IWGIUR\archiveExtraction_TSOWSZ\QNJCJR\20250110163833\javulna-master_depth_0\target\javulna-1.0-SNAPSHOT-jar-with-dependencies\BOOT-INF\lib\spring-web-5.3.19.jar
[DEBUG] [2025-01-10 16:40:09,687 +0530[ - Dependency file found location: C:\Users\vishw\AppData\Local\Temp\ws-ua_20250110163832_IWGIUR\archiveExtraction_TSOWSZ\QNJCJR\20250110163833\javulna-master_depth_0\target\javulna-1.0-SNAPSHOT-jar-with-dependencies\BOOT-INF\lib\spring-webmvc-5.3.19.jar
[DEBUG] [2025-01-10 16:40:09,688 +0530[ - Dependency file found location: C:\Users\vishw\AppData\Local\Temp\ws-ua_20250110163832_IWGIUR\archiveExtraction_TSOWSZ\QNJCJR\20250110163833\javulna-master_depth_0\target\javulna-1.0-SNAPSHOT-jar-with-dependencies\BOOT-INF\lib\spring-websocket-5.3.19.jar
[DEBUG] [2025-01-10 16:40:09,690 +0530[ - Dependency file found location: C:\Users\vishw\AppData\Local\Temp\ws-ua_20250110163832_IWGIUR\archiveExtraction_TSOWSZ\QNJCJR\20250110163833\javulna-master_depth_0\target\javulna-1.0-SNAPSHOT-jar-with-dependencies\BOOT-INF\lib\stax2-api-4.2.1.jar
[DEBUG] [2025-01-10 16:40:09,692 +0530[ - Dependency file found location: C:\Users\vishw\AppData\Local\Temp\ws-ua_20250110163832_IWGIUR\archiveExtraction_TSOWSZ\QNJCJR\20250110163833\javulna-master_depth_0\target\javulna-1.0-SNAPSHOT-jar-with-dependencies\BOOT-INF\lib\tomcat-embed-core-9.0.62.jar
[DEBUG] [2025-01-10 16:40:09,693 +0530[ - Dependency file found location: C:\Users\vishw\AppData\Local\Temp\ws-ua_20250110163832_IWGIUR\archiveExtraction_TSOWSZ\QNJCJR\20250110163833\javulna-master_depth_0\target\javulna-1.0-SNAPSHOT-jar-with-dependencies\BOOT-INF\lib\tomcat-embed-el-9.0.62.jar
[DEBUG] [2025-01-10 16:40:09,694 +0530[ - Dependency file found location: C:\Users\vishw\AppData\Local\Temp\ws-ua_20250110163832_IWGIUR\archiveExtraction_TSOWSZ\QNJCJR\20250110163833\javulna-master_depth_0\target\javulna-1.0-SNAPSHOT-jar-with-dependencies\BOOT-INF\lib\tomcat-embed-websocket-9.0.62.jar
[DEBUG] [2025-01-10 16:40:09,695 +0530[ - Dependency file found location: C:\Users\vishw\AppData\Local\Temp\ws-ua_20250110163832_IWGIUR\archiveExtraction_TSOWSZ\QNJCJR\20250110163833\javulna-master_depth_0\target\javulna-1.0-SNAPSHOT-jar-with-dependencies\BOOT-INF\lib\txw2-2.3.6.jar
[DEBUG] [2025-01-10 16:40:09,696 +0530[ - Dependency file found location: C:\Users\vishw\AppData\Local\Temp\ws-ua_20250110163832_IWGIUR\archiveExtraction_TSOWSZ\QNJCJR\20250110163833\javulna-master_depth_0\target\javulna-1.0-SNAPSHOT-jar-with-dependencies\BOOT-INF\lib\woodstox-core-6.2.7.jar
[DEBUG] [2025-01-10 16:40:09,697 +0530[ - Dependency file found location: C:\Users\vishw\AppData\Local\Temp\ws-ua_20250110163832_IWGIUR\archiveExtraction_TSOWSZ\QNJCJR\20250110163833\javulna-master_depth_0\target\javulna-1.0-SNAPSHOT-jar-with-dependencies\BOOT-INF\lib\xalan-2.7.0.jar
[DEBUG] [2025-01-10 16:40:09,698 +0530[ - Dependency file found location: C:\Users\vishw\AppData\Local\Temp\ws-ua_20250110163832_IWGIUR\archiveExtraction_TSOWSZ\QNJCJR\20250110163833\javulna-master_depth_0\target\javulna-1.0-SNAPSHOT-jar-with-dependencies\BOOT-INF\lib\xercesImpl-2.8.0.jar
[DEBUG] [2025-01-10 16:40:09,699 +0530[ - Dependency file found location: C:\Users\vishw\AppData\Local\Temp\ws-ua_20250110163832_IWGIUR\archiveExtraction_TSOWSZ\QNJCJR\20250110163833\javulna-master_depth_0\target\javulna-1.0-SNAPSHOT-jar-with-dependencies\BOOT-INF\lib\xml-apis-1.3.03.jar
[DEBUG] [2025-01-10 16:40:09,700 +0530[ - Dependency file found location: C:\Users\vishw\AppData\Local\Temp\ws-ua_20250110163832_IWGIUR\archiveExtraction_TSOWSZ\QNJCJR\20250110163833\javulna-master_depth_0\target\javulna-1.0-SNAPSHOT-jar-with-dependencies\BOOT-INF\lib\xml-apis-ext-1.3.04.jar
[DEBUG] [2025-01-10 16:40:09,701 +0530[ - Dependency file found location: C:\Users\vishw\AppData\Local\Temp\ws-ua_20250110163832_IWGIUR\archiveExtraction_TSOWSZ\QNJCJR\20250110163833\javulna-master_depth_0\target\javulna-1.0-SNAPSHOT-jar-with-dependencies\BOOT-INF\lib\xom-1.2.5.jar
